\BOOKMARK [1][-]{section.1}{Introduction}{}% 1
\BOOKMARK [1][-]{section.2}{Background}{}% 2
\BOOKMARK [2][-]{subsection.2.1}{Virtualisation Techniques}{section.2}% 3
\BOOKMARK [3][-]{subsubsection.2.1.1}{Full virtualisation}{subsection.2.1}% 4
\BOOKMARK [3][-]{subsubsection.2.1.2}{Hardware-Layer virtualisation}{subsection.2.1}% 5
\BOOKMARK [3][-]{subsubsection.2.1.3}{Container-based virtualisation}{subsection.2.1}% 6
\BOOKMARK [3][-]{subsubsection.2.1.4}{Paravirtualisation}{subsection.2.1}% 7
\BOOKMARK [3][-]{subsubsection.2.1.5}{Unikernels}{subsection.2.1}% 8
\BOOKMARK [2][-]{subsection.2.2}{Experiment technologies}{section.2}% 9
\BOOKMARK [3][-]{subsubsection.2.2.1}{Openstack}{subsection.2.2}% 10
\BOOKMARK [3][-]{subsubsection.2.2.2}{Cloudify}{subsection.2.2}% 11
\BOOKMARK [3][-]{subsubsection.2.2.3}{Comparison of Openstack and Cloudify}{subsection.2.2}% 12
\BOOKMARK [3][-]{subsubsection.2.2.4}{Docker}{subsection.2.2}% 13
\BOOKMARK [3][-]{subsubsection.2.2.5}{Xen}{subsection.2.2}% 14
\BOOKMARK [3][-]{subsubsection.2.2.6}{KVM}{subsection.2.2}% 15
\BOOKMARK [3][-]{subsubsection.2.2.7}{OSv}{subsection.2.2}% 16
\BOOKMARK [1][-]{section.3}{System design and implementation}{}% 17
\BOOKMARK [1][-]{section.4}{Experiments and measurements}{}% 18
\BOOKMARK [1][-]{section.5}{Related work}{}% 19
\BOOKMARK [1][-]{section.6}{Future research}{}% 20
\BOOKMARK [1][-]{section.7}{Conclusions}{}% 21
\BOOKMARK [1][-]{section*.2}{Sources}{}% 22
